This is pdfTeX, Version 3.14159265-2.6-1.40.21 (TeX Live 2020/Arch Linux) (preloaded format=pdflatex 2020.12.21)  22 DEC 2020 21:48
entering extended mode
 restricted \write18 enabled.
 %&-line parsing enabled.
**PerconaKubernetesOperatorPerconaServerMongoDB.tex
(./PerconaKubernetesOperatorPerconaServerMongoDB.tex
LaTeX2e <2020-10-01> patch level 2
L3 programming layer <2020-12-03> xparse <2020-03-03> (./sphinxmanual.cls
Document Class: sphinxmanual 2019/12/01 v2.3.0 Document class (Sphinx manual)
(/usr/share/texmf-dist/tex/latex/base/report.cls
Document Class: report 2020/04/10 v1.4m Standard LaTeX document class
(/usr/share/texmf-dist/tex/latex/base/size10.clo
File: size10.clo 2020/04/10 v1.4m Standard LaTeX file (size option)
)
\c@part=\count177
\c@chapter=\count178
\c@section=\count179
\c@subsection=\count180
\c@subsubsection=\count181
\c@paragraph=\count182
\c@subparagraph=\count183
\c@figure=\count184
\c@table=\count185
\abovecaptionskip=\skip47
\belowcaptionskip=\skip48
\bibindent=\dimen138
)
LaTeX Info: Redefining \and on input line 35.
)
(/usr/share/texmf-dist/tex/latex/base/inputenc.sty
Package: inputenc 2020/08/01 v1.3d Input encoding file
\inpenc@prehook=\toks15
\inpenc@posthook=\toks16
)
   defining Unicode char U+00A0 (decimal 160)
   defining Unicode char U+2500 (decimal 9472)
   defining Unicode char U+2502 (decimal 9474)
   defining Unicode char U+2514 (decimal 9492)
   defining Unicode char U+251C (decimal 9500)
   defining Unicode char U+2572 (decimal 9586)

(/usr/share/texmf-dist/tex/latex/cmap/cmap.sty
Package: cmap 2008/03/06 v1.0h CMap support: searchable PDF
)
(/usr/share/texmf-dist/tex/latex/base/fontenc.sty
Package: fontenc 2020/08/10 v2.0s Standard LaTeX package
<<t1.cmap>>)
(/usr/share/texmf-dist/tex/latex/amsmath/amsmath.sty
Package: amsmath 2020/09/23 v2.17i AMS math features
\@mathmargin=\skip49

For additional information on amsmath, use the `?' option.
(/usr/share/texmf-dist/tex/latex/amsmath/amstext.sty
Package: amstext 2000/06/29 v2.01 AMS text

(/usr/share/texmf-dist/tex/latex/amsmath/amsgen.sty
File: amsgen.sty 1999/11/30 v2.0 generic functions
\@emptytoks=\toks17
\ex@=\dimen139
))
(/usr/share/texmf-dist/tex/latex/amsmath/amsbsy.sty
Package: amsbsy 1999/11/29 v1.2d Bold Symbols
\pmbraise@=\dimen140
)
(/usr/share/texmf-dist/tex/latex/amsmath/amsopn.sty
Package: amsopn 2016/03/08 v2.02 operator names
)
\inf@bad=\count186
LaTeX Info: Redefining \frac on input line 234.
\uproot@=\count187
\leftroot@=\count188
LaTeX Info: Redefining \overline on input line 399.
\classnum@=\count189
\DOTSCASE@=\count190
LaTeX Info: Redefining \ldots on input line 496.
LaTeX Info: Redefining \dots on input line 499.
LaTeX Info: Redefining \cdots on input line 620.
\Mathstrutbox@=\box47
\strutbox@=\box48
\big@size=\dimen141
LaTeX Font Info:    Redeclaring font encoding OML on input line 743.
LaTeX Font Info:    Redeclaring font encoding OMS on input line 744.
\macc@depth=\count191
\c@MaxMatrixCols=\count192
\dotsspace@=\muskip16
\c@parentequation=\count193
\dspbrk@lvl=\count194
\tag@help=\toks18
\row@=\count195
\column@=\count196
\maxfields@=\count197
\andhelp@=\toks19
\eqnshift@=\dimen142
\alignsep@=\dimen143
\tagshift@=\dimen144
\tagwidth@=\dimen145
\totwidth@=\dimen146
\lineht@=\dimen147
\@envbody=\toks20
\multlinegap=\skip50
\multlinetaggap=\skip51
\mathdisplay@stack=\toks21
LaTeX Info: Redefining \[ on input line 2923.
LaTeX Info: Redefining \] on input line 2924.
)
(/usr/share/texmf-dist/tex/latex/amsfonts/amssymb.sty
Package: amssymb 2013/01/14 v3.01 AMS font symbols

(/usr/share/texmf-dist/tex/latex/amsfonts/amsfonts.sty
Package: amsfonts 2013/01/14 v3.01 Basic AMSFonts support
\symAMSa=\mathgroup4
\symAMSb=\mathgroup5
LaTeX Font Info:    Redeclaring math symbol \hbar on input line 98.
LaTeX Font Info:    Overwriting math alphabet `\mathfrak' in version `bold'
(Font)                  U/euf/m/n --> U/euf/b/n on input line 106.
))
(/usr/share/texmf-dist/tex/generic/babel/babel.sty
Package: babel 2020/10/27 3.51 The Babel package

(/usr/share/texmf-dist/tex/generic/babel/babel.def
File: babel.def 2020/10/27 3.51 Babel common definitions
\babel@savecnt=\count198
\U@D=\dimen148
\l@babelnohyphens=\language86

(/usr/share/texmf-dist/tex/generic/babel/txtbabel.def)
\bbl@readstream=\read2
)
\bbl@dirlevel=\count199

(/usr/share/texmf-dist/tex/generic/babel-english/english.ldf
Language: english 2017/06/06 v3.3r English support from the babel system
Package babel Info: \l@canadian = using hyphenrules for english
(babel)             (\language0) on input line 102.
Package babel Info: \l@australian = using hyphenrules for ukenglish
(babel)             (\language21) on input line 105.
Package babel Info: \l@newzealand = using hyphenrules for ukenglish
(babel)             (\language21) on input line 108.
))
(/usr/share/texmf-dist/tex/latex/psnfss/times.sty
Package: times 2020/03/25 PSNFSS-v9.3 (SPQR) 
)
(/usr/share/texmf-dist/tex/latex/fncychap/fncychap.sty
Package: fncychap 2007/07/30 v1.34 LaTeX package (Revised chapters)
\RW=\skip52
\mylen=\skip53
\myhi=\skip54
\px=\skip55
\py=\skip56
\pyy=\skip57
\pxx=\skip58
\c@AlphaCnt=\count266
\c@AlphaDecCnt=\count267
) (./sphinx.sty
Package: sphinx 2019/09/02 v2.3.0 LaTeX package (Sphinx markup)

(/usr/share/texmf-dist/tex/generic/ltxcmds/ltxcmds.sty
Package: ltxcmds 2020-05-10 v1.25 LaTeX kernel commands for general use (HO)
)
(/usr/share/texmf-dist/tex/latex/graphics/graphicx.sty
Package: graphicx 2020/09/09 v1.2b Enhanced LaTeX Graphics (DPC,SPQR)

(/usr/share/texmf-dist/tex/latex/graphics/keyval.sty
Package: keyval 2014/10/28 v1.15 key=value parser (DPC)
\KV@toks@=\toks22
)
(/usr/share/texmf-dist/tex/latex/graphics/graphics.sty
Package: graphics 2020/08/30 v1.4c Standard LaTeX Graphics (DPC,SPQR)

(/usr/share/texmf-dist/tex/latex/graphics/trig.sty
Package: trig 2016/01/03 v1.10 sin cos tan (DPC)
)
(/usr/share/texmf-dist/tex/latex/graphics-cfg/graphics.cfg
File: graphics.cfg 2016/06/04 v1.11 sample graphics configuration
)
Package graphics Info: Driver file: pdftex.def on input line 105.

(/usr/share/texmf-dist/tex/latex/graphics-def/pdftex.def
File: pdftex.def 2020/10/05 v1.2a Graphics/color driver for pdftex
))
\Gin@req@height=\dimen149
\Gin@req@width=\dimen150
)
(/usr/share/texmf-dist/tex/latex/fancyhdr/fancyhdr.sty
Package: fancyhdr 2019/01/31 v3.10 Extensive control of page headers and footer
s
\f@nch@headwidth=\skip59
\f@nch@O@elh=\skip60
\f@nch@O@erh=\skip61
\f@nch@O@olh=\skip62
\f@nch@O@orh=\skip63
\f@nch@O@elf=\skip64
\f@nch@O@erf=\skip65
\f@nch@O@olf=\skip66
\f@nch@O@orf=\skip67
)
(/usr/share/texmf-dist/tex/latex/base/textcomp.sty
Package: textcomp 2020/02/02 v2.0n Standard LaTeX package
)
(/usr/share/texmf-dist/tex/latex/titlesec/titlesec.sty
Package: titlesec 2019/10/16 v2.13 Sectioning titles
\ttl@box=\box49
\beforetitleunit=\skip68
\aftertitleunit=\skip69
\ttl@plus=\dimen151
\ttl@minus=\dimen152
\ttl@toksa=\toks23
\titlewidth=\dimen153
\titlewidthlast=\dimen154
\titlewidthfirst=\dimen155
)
(/usr/share/texmf-dist/tex/latex/tabulary/tabulary.sty
Package: tabulary 2014/06/11 v0.10 tabulary package (DPC)

(/usr/share/texmf-dist/tex/latex/tools/array.sty
Package: array 2020/10/01 v2.5c Tabular extension package (FMi)
\col@sep=\dimen156
\ar@mcellbox=\box50
\extrarowheight=\dimen157
\NC@list=\toks24
\extratabsurround=\skip70
\backup@length=\skip71
\ar@cellbox=\box51
)
\TY@count=\count268
\TY@linewidth=\dimen158
\tymin=\dimen159
\tymax=\dimen160
\TY@tablewidth=\dimen161
)
(/usr/share/texmf-dist/tex/latex/tools/longtable.sty
Package: longtable 2020/01/07 v4.13 Multi-page Table package (DPC)
\LTleft=\skip72
\LTright=\skip73
\LTpre=\skip74
\LTpost=\skip75
\LTchunksize=\count269
\LTcapwidth=\dimen162
\LT@head=\box52
\LT@firsthead=\box53
\LT@foot=\box54
\LT@lastfoot=\box55
\LT@cols=\count270
\LT@rows=\count271
\c@LT@tables=\count272
\c@LT@chunks=\count273
\LT@p@ftn=\toks25
)
(/usr/share/texmf-dist/tex/latex/varwidth/varwidth.sty
Package: varwidth 2009/03/30 ver 0.92;  Variable-width minipages
\@vwid@box=\box56
\sift@deathcycles=\count274
\@vwid@loff=\dimen163
\@vwid@roff=\dimen164
) (./sphinxmulticell.sty
Package: sphinxmulticell 2017/02/23 v1.6 better span rows and columns of a tabl
e (Sphinx team)
\sphinx@TY@tablewidth=\dimen165
) (/usr/share/texmf-dist/tex/latex/base/makeidx.sty
Package: makeidx 2014/09/29 v1.0m Standard LaTeX package
)
(/usr/share/texmf-dist/tex/latex/framed/framed.sty
Package: framed 2011/10/22 v 0.96: framed or shaded text with page breaks
\OuterFrameSep=\skip76
\fb@frw=\dimen166
\fb@frh=\dimen167
\FrameRule=\dimen168
\FrameSep=\dimen169
)
(/usr/share/texmf-dist/tex/latex/xcolor/xcolor.sty
Package: xcolor 2016/05/11 v2.12 LaTeX color extensions (UK)

(/usr/share/texmf-dist/tex/latex/graphics-cfg/color.cfg
File: color.cfg 2016/01/02 v1.6 sample color configuration
)
Package xcolor Info: Driver file: pdftex.def on input line 225.
Package xcolor Info: Model `cmy' substituted by `cmy0' on input line 1348.
Package xcolor Info: Model `hsb' substituted by `rgb' on input line 1352.
Package xcolor Info: Model `RGB' extended on input line 1364.
Package xcolor Info: Model `HTML' substituted by `rgb' on input line 1366.
Package xcolor Info: Model `Hsb' substituted by `hsb' on input line 1367.
Package xcolor Info: Model `tHsb' substituted by `hsb' on input line 1368.
Package xcolor Info: Model `HSB' substituted by `hsb' on input line 1369.
Package xcolor Info: Model `Gray' substituted by `gray' on input line 1370.
Package xcolor Info: Model `wave' substituted by `hsb' on input line 1371.
)
(/usr/share/texmf-dist/tex/latex/fancyvrb/fancyvrb.sty
Package: fancyvrb 2020/05/03 v3.6 verbatim text (tvz,hv)
\FV@CodeLineNo=\count275
\FV@InFile=\read3
\FV@TabBox=\box57
\c@FancyVerbLine=\count276
\FV@StepNumber=\count277
\FV@OutFile=\write3
)
(./footnotehyper-sphinx.sty
Package: footnotehyper-sphinx 2017/10/27 v1.7 hyperref aware footnote.sty for s
phinx (JFB)
\FNH@notes=\box58
\FNH@width=\dimen170
) (/usr/share/texmf-dist/tex/latex/float/float.sty
Package: float 2001/11/08 v1.3d Float enhancements (AL)
\c@float@type=\count278
\float@exts=\toks26
\float@box=\box59
\@float@everytoks=\toks27
\@floatcapt=\box60
)
(/usr/share/texmf-dist/tex/latex/wrapfig/wrapfig.sty
\wrapoverhang=\dimen171
\WF@size=\dimen172
\c@WF@wrappedlines=\count279
\WF@box=\box61
\WF@everypar=\toks28
Package: wrapfig 2003/01/31  v 3.6
)
(/usr/share/texmf-dist/tex/latex/parskip/parskip.sty
Rollback for package 'parskip' requested -> version 'v1'.
         This corresponds to the release introduced on 2001-04-09.

(/usr/share/texmf-dist/tex/latex/parskip/parskip-2001-04-09.sty
Package: parskip 2001/04/09 non-zero parskip adjustments
))
(/usr/share/texmf-dist/tex/latex/base/alltt.sty
Package: alltt 1997/06/16 v2.0g defines alltt environment
)
(/usr/share/texmf-dist/tex/latex/upquote/upquote.sty
Package: upquote 2012/04/19 v1.3 upright-quote and grave-accent glyphs in verba
tim
)
(/usr/share/texmf-dist/tex/latex/capt-of/capt-of.sty
Package: capt-of 2009/12/29 v0.2 standard captions outside of floats
)
(/usr/share/texmf-dist/tex/latex/needspace/needspace.sty
Package: needspace 2010/09/12 v1.3d reserve vertical space
)
(./sphinxhighlight.sty
Package: sphinxhighlight 2016/05/29 stylesheet for highlighting with pygments
)
(/usr/share/texmf-dist/tex/latex/kvoptions/kvoptions.sty
Package: kvoptions 2020-10-07 v3.14 Key value format for package options (HO)

(/usr/share/texmf-dist/tex/generic/kvsetkeys/kvsetkeys.sty
Package: kvsetkeys 2019/12/15 v1.18 Key value parser (HO)
))
\sphinxverbatimsep=\dimen173
\sphinxverbatimborder=\dimen174
\sphinxshadowsep=\dimen175
\sphinxshadowsize=\dimen176
\sphinxshadowrule=\dimen177
\spx@notice@border=\dimen178
\spx@image@maxheight=\dimen179
\spx@image@box=\dimen180
\c@literalblock=\count280
\sphinxcontinuationbox=\box62
\sphinxvisiblespacebox=\box63
\sphinxVerbatim@TitleBox=\box64
\sphinxVerbatim@ContentsBox=\box65
\py@argswidth=\skip77
\lineblockindentation=\skip78
\DUlineblockindent=\skip79
)
(/usr/share/texmf-dist/tex/latex/geometry/geometry.sty
Package: geometry 2020/01/02 v5.9 Page Geometry

(/usr/share/texmf-dist/tex/generic/iftex/ifvtex.sty
Package: ifvtex 2019/10/25 v1.7 ifvtex legacy package. Use iftex instead.

(/usr/share/texmf-dist/tex/generic/iftex/iftex.sty
Package: iftex 2020/03/06 v1.0d TeX engine tests
))
\Gm@cnth=\count281
\Gm@cntv=\count282
\c@Gm@tempcnt=\count283
\Gm@bindingoffset=\dimen181
\Gm@wd@mp=\dimen182
\Gm@odd@mp=\dimen183
\Gm@even@mp=\dimen184
\Gm@layoutwidth=\dimen185
\Gm@layoutheight=\dimen186
\Gm@layouthoffset=\dimen187
\Gm@layoutvoffset=\dimen188
\Gm@dimlist=\toks29
)
(/usr/share/texmf-dist/tex/latex/hyperref/hyperref.sty
Package: hyperref 2020-05-15 v7.00e Hypertext links for LaTeX

(/usr/share/texmf-dist/tex/generic/pdftexcmds/pdftexcmds.sty
Package: pdftexcmds 2020-06-27 v0.33 Utility functions of pdfTeX for LuaTeX (HO
)

(/usr/share/texmf-dist/tex/generic/infwarerr/infwarerr.sty
Package: infwarerr 2019/12/03 v1.5 Providing info/warning/error messages (HO)
)
Package pdftexcmds Info: \pdf@primitive is available.
Package pdftexcmds Info: \pdf@ifprimitive is available.
Package pdftexcmds Info: \pdfdraftmode found.
)
(/usr/share/texmf-dist/tex/generic/kvdefinekeys/kvdefinekeys.sty
Package: kvdefinekeys 2019-12-19 v1.6 Define keys (HO)
)
(/usr/share/texmf-dist/tex/generic/pdfescape/pdfescape.sty
Package: pdfescape 2019/12/09 v1.15 Implements pdfTeX's escape features (HO)
)
(/usr/share/texmf-dist/tex/latex/hycolor/hycolor.sty
Package: hycolor 2020-01-27 v1.10 Color options for hyperref/bookmark (HO)
)
(/usr/share/texmf-dist/tex/latex/letltxmacro/letltxmacro.sty
Package: letltxmacro 2019/12/03 v1.6 Let assignment for LaTeX macros (HO)
)
(/usr/share/texmf-dist/tex/latex/auxhook/auxhook.sty
Package: auxhook 2019-12-17 v1.6 Hooks for auxiliary files (HO)
)
\@linkdim=\dimen189
\Hy@linkcounter=\count284
\Hy@pagecounter=\count285

(/usr/share/texmf-dist/tex/latex/hyperref/pd1enc.def
File: pd1enc.def 2020-05-15 v7.00e Hyperref: PDFDocEncoding definition (HO)
Now handling font encoding PD1 ...
... no UTF-8 mapping file for font encoding PD1
)
(/usr/share/texmf-dist/tex/generic/intcalc/intcalc.sty
Package: intcalc 2019/12/15 v1.3 Expandable calculations with integers (HO)
)
(/usr/share/texmf-dist/tex/generic/etexcmds/etexcmds.sty
Package: etexcmds 2019/12/15 v1.7 Avoid name clashes with e-TeX commands (HO)
)
\Hy@SavedSpaceFactor=\count286
Package hyperref Info: Option `unicode' set `true' on input line 4338.

(/usr/share/texmf-dist/tex/latex/hyperref/puenc.def
File: puenc.def 2020-05-15 v7.00e Hyperref: PDF Unicode definition (HO)
Now handling font encoding PU ...
... no UTF-8 mapping file for font encoding PU
)
Package hyperref Info: Option `colorlinks' set `true' on input line 4338.
Package hyperref Info: Option `breaklinks' set `true' on input line 4338.
Package hyperref Info: Hyper figures OFF on input line 4464.
Package hyperref Info: Link nesting OFF on input line 4469.
Package hyperref Info: Hyper index ON on input line 4472.
Package hyperref Info: Plain pages OFF on input line 4479.
Package hyperref Info: Backreferencing OFF on input line 4484.
Package hyperref Info: Implicit mode ON; LaTeX internals redefined.
Package hyperref Info: Bookmarks ON on input line 4717.
\c@Hy@tempcnt=\count287

(/usr/share/texmf-dist/tex/latex/url/url.sty
\Urlmuskip=\muskip17
Package: url 2013/09/16  ver 3.4  Verb mode for urls, etc.
)
LaTeX Info: Redefining \url on input line 5076.
\XeTeXLinkMargin=\dimen190

(/usr/share/texmf-dist/tex/generic/bitset/bitset.sty
Package: bitset 2019/12/09 v1.3 Handle bit-vector datatype (HO)

(/usr/share/texmf-dist/tex/generic/bigintcalc/bigintcalc.sty
Package: bigintcalc 2019/12/15 v1.5 Expandable calculations on big integers (HO
)
))
\Fld@menulength=\count288
\Field@Width=\dimen191
\Fld@charsize=\dimen192
Package hyperref Info: Hyper figures OFF on input line 6347.
Package hyperref Info: Link nesting OFF on input line 6352.
Package hyperref Info: Hyper index ON on input line 6355.
Package hyperref Info: backreferencing OFF on input line 6362.
Package hyperref Info: Link coloring ON on input line 6365.
Package hyperref Info: Link coloring with OCG OFF on input line 6372.
Package hyperref Info: PDF/A mode OFF on input line 6377.
LaTeX Info: Redefining \ref on input line 6417.
LaTeX Info: Redefining \pageref on input line 6421.

(/usr/share/texmf-dist/tex/latex/base/atbegshi-ltx.sty
Package: atbegshi-ltx 2020/08/17 v1.0a Emulation of the original atbegshi packa
ge
with kernel methods
)
\Hy@abspage=\count289
\c@Item=\count290
\c@Hfootnote=\count291
)
Package hyperref Info: Driver (autodetected): hpdftex.

(/usr/share/texmf-dist/tex/latex/hyperref/hpdftex.def
File: hpdftex.def 2020-05-15 v7.00e Hyperref driver for pdfTeX

(/usr/share/texmf-dist/tex/latex/base/atveryend-ltx.sty
Package: atveryend-ltx 2020/08/19 v1.0a Emulation of the original atvery packag
e
with kernel methods
)
\Fld@listcount=\count292
\c@bookmark@seq@number=\count293

(/usr/share/texmf-dist/tex/latex/rerunfilecheck/rerunfilecheck.sty
Package: rerunfilecheck 2019/12/05 v1.9 Rerun checks for auxiliary files (HO)

(/usr/share/texmf-dist/tex/generic/uniquecounter/uniquecounter.sty
Package: uniquecounter 2019/12/15 v1.4 Provide unlimited unique counter (HO)
)
Package uniquecounter Info: New unique counter `rerunfilecheck' on input line 2
86.
)
\Hy@SectionHShift=\skip80
)
(/usr/share/texmf-dist/tex/latex/oberdiek/hypcap.sty
Package: hypcap 2016/05/16 v1.12 Adjusting the anchors of captions (HO)
) (./sphinxmessages.sty
Package: sphinxmessages 2019/01/04 v2.0 Localized LaTeX macros (Sphinx team)
)
\@indexfile=\write4

Writing index file PerconaKubernetesOperatorPerconaServerMongoDB.idx
LaTeX Font Info:    Trying to load font information for T1+ptm on input line 82
.
(/usr/share/texmf-dist/tex/latex/psnfss/t1ptm.fd
File: t1ptm.fd 2001/06/04 font definitions for T1/ptm.
)
(/usr/share/texmf-dist/tex/latex/l3backend/l3backend-pdftex.def
File: l3backend-pdftex.def 2020-09-24 L3 backend support: PDF output (pdfTeX)
\l__kernel_color_stack_int=\count294
\l__pdf_internal_box=\box66
)
(./PerconaKubernetesOperatorPerconaServerMongoDB.aux)
LaTeX Font Info:    Checking defaults for OML/cmm/m/it on input line 82.
LaTeX Font Info:    ... okay on input line 82.
LaTeX Font Info:    Checking defaults for OMS/cmsy/m/n on input line 82.
LaTeX Font Info:    ... okay on input line 82.
LaTeX Font Info:    Checking defaults for OT1/cmr/m/n on input line 82.
LaTeX Font Info:    ... okay on input line 82.
LaTeX Font Info:    Checking defaults for T1/cmr/m/n on input line 82.
LaTeX Font Info:    ... okay on input line 82.
LaTeX Font Info:    Checking defaults for TS1/cmr/m/n on input line 82.
LaTeX Font Info:    ... okay on input line 82.
LaTeX Font Info:    Checking defaults for OMX/cmex/m/n on input line 82.
LaTeX Font Info:    ... okay on input line 82.
LaTeX Font Info:    Checking defaults for U/cmr/m/n on input line 82.
LaTeX Font Info:    ... okay on input line 82.
LaTeX Font Info:    Checking defaults for PD1/pdf/m/n on input line 82.
LaTeX Font Info:    ... okay on input line 82.
LaTeX Font Info:    Checking defaults for PU/pdf/m/n on input line 82.
LaTeX Font Info:    ... okay on input line 82.

(/usr/share/texmf-dist/tex/context/base/mkii/supp-pdf.mkii
[Loading MPS to PDF converter (version 2006.09.02).]
\scratchcounter=\count295
\scratchdimen=\dimen193
\scratchbox=\box67
\nofMPsegments=\count296
\nofMParguments=\count297
\everyMPshowfont=\toks30
\MPscratchCnt=\count298
\MPscratchDim=\dimen194
\MPnumerator=\count299
\makeMPintoPDFobject=\count300
\everyMPtoPDFconversion=\toks31
) (/usr/share/texmf-dist/tex/latex/epstopdf-pkg/epstopdf-base.sty
Package: epstopdf-base 2020-01-24 v2.11 Base part for package epstopdf
Package epstopdf-base Info: Redefining graphics rule for `.eps' on input line 4
85.

(/usr/share/texmf-dist/tex/latex/latexconfig/epstopdf-sys.cfg
File: epstopdf-sys.cfg 2010/07/13 v1.3 Configuration of (r)epstopdf for TeX Liv
e
))
*geometry* driver: auto-detecting
*geometry* detected driver: pdftex
*geometry* verbose mode - [ preamble ] result:
* driver: pdftex
* paper: letterpaper
* layout: <same size as paper>
* layoutoffset:(h,v)=(0.0pt,0.0pt)
* modes: twoside 
* h-part:(L,W,R)=(72.26999pt, 469.75502pt, 72.26999pt)
* v-part:(T,H,B)=(72.26999pt, 650.43001pt, 72.26999pt)
* \paperwidth=614.295pt
* \paperheight=794.96999pt
* \textwidth=469.75502pt
* \textheight=650.43001pt
* \oddsidemargin=0.0pt
* \evensidemargin=0.0pt
* \topmargin=-37.0pt
* \headheight=12.0pt
* \headsep=25.0pt
* \topskip=10.0pt
* \footskip=30.0pt
* \marginparwidth=36.135pt
* \marginparsep=11.0pt
* \columnsep=10.0pt
* \skip\footins=9.0pt plus 4.0pt minus 2.0pt
* \hoffset=0.0pt
* \voffset=0.0pt
* \mag=1000
* \@twocolumnfalse
* \@twosidetrue
* \@mparswitchtrue
* \@reversemarginfalse
* (1in=72.27pt=25.4mm, 1cm=28.453pt)

Package hyperref Info: Link coloring ON on input line 82.
(/usr/share/texmf-dist/tex/latex/hyperref/nameref.sty
Package: nameref 2019/09/16 v2.46 Cross-referencing by name of section

(/usr/share/texmf-dist/tex/latex/refcount/refcount.sty
Package: refcount 2019/12/15 v3.6 Data extraction from label references (HO)
)
(/usr/share/texmf-dist/tex/generic/gettitlestring/gettitlestring.sty
Package: gettitlestring 2019/12/15 v1.6 Cleanup title references (HO)
)
\c@section@level=\count301
)
LaTeX Info: Redefining \ref on input line 82.
LaTeX Info: Redefining \pageref on input line 82.
LaTeX Info: Redefining \nameref on input line 82.

(./PerconaKubernetesOperatorPerconaServerMongoDB.out)
(./PerconaKubernetesOperatorPerconaServerMongoDB.out)
\@outlinefile=\write5
Package hyperref Info: Option `pageanchor' set `false' on input line 85.
<percona-logo.jpg, id=29, 349.47957pt x 139.65218pt>
LaTeX Font Info:    Trying to load font information for T1+pcr on input line 85
.

(/usr/share/texmf-dist/tex/latex/psnfss/t1pcr.fd
File: t1pcr.fd 2001/06/04 font definitions for T1/pcr.
)
File: percona-logo.jpg Graphic file (type jpg)
<use percona-logo.jpg>
Package pdftex.def Info: percona-logo.jpg  used on input line 85.
(pdftex.def)             Requested size: 349.47871pt x 139.65182pt.
LaTeX Font Info:    Trying to load font information for T1+phv on input line 85
.

(/usr/share/texmf-dist/tex/latex/psnfss/t1phv.fd
File: t1phv.fd 2020/03/25 scalable font definitions for T1/phv.
)
LaTeX Font Info:    Font shape `T1/phv/b/it' in size <10> not available
(Font)              Font shape `T1/phv/b/sl' tried instead on input line 85.
LaTeX Font Info:    Font shape `T1/phv/b/it' in size <17.28> not available
(Font)              Font shape `T1/phv/b/sl' tried instead on input line 85.
<<ot1.cmap>><<oml.cmap>><<oms.cmap>><<omx.cmap>>
LaTeX Font Info:    Trying to load font information for U+msa on input line 85.

 (/usr/share/texmf-dist/tex/latex/amsfonts/umsa.fd
File: umsa.fd 2013/01/14 v3.01 AMS symbols A
)
LaTeX Font Info:    Trying to load font information for U+msb on input line 85.


(/usr/share/texmf-dist/tex/latex/amsfonts/umsb.fd
File: umsb.fd 2013/01/14 v3.01 AMS symbols B
) [1

{/var/lib/texmf/fonts/map/pdftex/updmap/pdftex.map} <./percona-logo.jpg>] [2


]
(./PerconaKubernetesOperatorPerconaServerMongoDB.toc)
\tf@toc=\write6
 [1

] [2

] [1] [2

] [3]
[4]
Chapter 1.
LaTeX Font Info:    Trying to load font information for TS1+ptm on input line 1
20.
(/usr/share/texmf-dist/tex/latex/psnfss/ts1ptm.fd
File: ts1ptm.fd 2001/06/04 font definitions for TS1/ptm.
) [5

] [6]
Chapter 2.
<replication.png, id=99, 501.875pt x 469.755pt>
File: replication.png Graphic file (type png)
<use replication.png>
Package pdftex.def Info: replication.png  used on input line 189.
(pdftex.def)             Requested size: 188.20265pt x 188.19972pt.
<operator.png, id=102, 501.875pt x 501.875pt>
File: operator.png Graphic file (type png)
<use operator.png>
Package pdftex.def Info: operator.png  used on input line 218.
(pdftex.def)             Requested size: 188.20265pt x 188.20265pt.
[7

 <./replication.png>] [8 <./operator.png>] [9

] [10]
Chapter 3.
[11

]
LaTeX Font Info:    Trying to load font information for TS1+pcr on input line 1
.
 (/usr/share/texmf-dist/tex/latex/psnfss/ts1pcr.fd
File: ts1pcr.fd 2001/06/04 font definitions for TS1/pcr.
)
Underfull \hbox (badness 10000) in paragraph at lines 328--331
[]\T1/ptm/m/n/10 Here the ac-tual lo-gin name and pass-word are base64-encoded,
 and \T1/pcr/m/n/10 echo
 []

[12]
Chapter 4.
<gke-quickstart-cluster-connect.png, id=149, 505.89pt x 33.87656pt>
File: gke-quickstart-cluster-connect.png Graphic file (type png)
<use gke-quickstart-cluster-connect.png>
Package pdftex.def Info: gke-quickstart-cluster-connect.png  used on input line
 394.
(pdftex.def)             Requested size: 469.76265pt x 31.45782pt.
[13

] [14 <./gke-quickstart-cluster-connect.png>]
<gke-quickstart-object-browser.png, id=176, 474.27188pt x 125.71968pt>
File: gke-quickstart-object-browser.png Graphic file (type png)
<use gke-quickstart-object-browser.png>
Package pdftex.def Info: gke-quickstart-object-browser.png  used on input line 
513.
(pdftex.def)             Requested size: 469.76942pt x 124.52232pt.
 [15]
<gke-quickstart-object-browser-error.png, id=185, 495.35063pt x 124.21407pt>
File: gke-quickstart-object-browser-error.png Graphic file (type png)
<use gke-quickstart-object-browser-error.png>
Package pdftex.def Info: gke-quickstart-object-browser-error.png  used on input
 line 548.
(pdftex.def)             Requested size: 469.75656pt x 117.79797pt.
<gke-quickstart-object-browser-details.png, id=186, 590.205pt x 100.87688pt>
File: gke-quickstart-object-browser-details.png Graphic file (type png)
<use gke-quickstart-object-browser-details.png>
Package pdftex.def Info: gke-quickstart-object-browser-details.png  used on inp
ut line 552.
(pdftex.def)             Requested size: 469.76009pt x 80.29062pt.
 [16 <./gke-quickstart-object-browser.png> <./gke-quickstart-object-browser-err
or.png>]
File: gke-quickstart-cluster-connect.png Graphic file (type png)
<use gke-quickstart-cluster-connect.png>
Package pdftex.def Info: gke-quickstart-cluster-connect.png  used on input line
 569.
(pdftex.def)             Requested size: 469.76265pt x 31.45782pt.
 [17 <./gke-quickstart-object-browser-details.png>] [18

]
Chapter 5.
LaTeX Font Info:    Font shape `T1/pcr/m/it' in size <9> not available
(Font)              Font shape `T1/pcr/m/sl' tried instead on input line 643.
[19] [20] [21] [22

] [23] [24]
Chapter 6.
[25

] [26]
Chapter 7.
[27

] [28] [29] [30

]
Chapter 8.
[31]

Package textcomp Warning: Symbol \textasciigrave not provided by
(textcomp)                font family ptm in TS1 encoding.
(textcomp)                Default family used instead on input line 1144.


Package textcomp Warning: Symbol \textasciigrave not provided by
(textcomp)                font family ptm in TS1 encoding.
(textcomp)                Default family used instead on input line 1144.


Package textcomp Warning: Symbol \textasciigrave not provided by
(textcomp)                font family ptm in TS1 encoding.
(textcomp)                Default family used instead on input line 1144.


Package textcomp Warning: Symbol \textasciigrave not provided by
(textcomp)                font family ptm in TS1 encoding.
(textcomp)                Default family used instead on input line 1144.


Underfull \hbox (badness 10000) in paragraph at lines 1144--1145
[]\T1/ptm/m/n/10 When the cus-tom reg-istry im-age is avail-able, edit the the 
\T1/pcr/m/n/10 image: \T1/ptm/m/n/10 op-tion in \T1/pcr/m/n/10 deploy/
 []

[32]
Chapter 9.
<broker-pods.png, id=340, 793.96625pt x 433.62pt>
File: broker-pods.png Graphic file (type png)
<use broker-pods.png>
Package pdftex.def Info: broker-pods.png  used on input line 1189.
(pdftex.def)             Requested size: 444.76344pt x 242.90494pt.
[33

]
<broker-dev-catalog.png, id=349, 792.9625pt x 659.46375pt>
File: broker-dev-catalog.png Graphic file (type png)
<use broker-dev-catalog.png>
Package pdftex.def Info: broker-dev-catalog.png  used on input line 1194.
(pdftex.def)             Requested size: 444.75775pt x 369.89087pt.
 [34 <./broker-pods.png> <./broker-dev-catalog.png>]
<broker-create-service-instance.png, id=356, 599.23875pt x 437.635pt>
File: broker-create-service-instance.png Graphic file (type png)
<use broker-create-service-instance.png>
Package pdftex.def Info: broker-create-service-instance.png  used on input line
 1203.
(pdftex.def)             Requested size: 444.76471pt x 324.8131pt.
<broker-creation.png, id=357, 600.2425pt x 655.44875pt>
File: broker-creation.png Graphic file (type png)
<use broker-creation.png>
Package pdftex.def Info: broker-creation.png  used on input line 1212.
(pdftex.def)             Requested size: 444.76782pt x 485.66457pt.
 [35 <./broker-create-service-instance.png>] [36 <./broker-creation.png>]
Chapter 10.
[37

] [38] [39

] [40]
Chapter 11.
[41

]
Overfull \hbox (3.05013pt too wide) in paragraph at lines 1436--1436
[]\T1/ptm/m/n/10 Backup/Restore| 
 []


Overfull \hbox (10.60843pt too wide) in paragraph at lines 1436--1436
[]\T1/ptm/m/n/10 MON-GODB_CLUSTER_MONITOR_USER| 
 []


Overfull \hbox (12.22272pt too wide) in paragraph at lines 1436--1436
[]\T1/ptm/m/n/10 MON-GODB_CLUSTER_MONITOR_PASSWORD| 
 []

[42] [43] [44]
Chapter 12.
[45

] [46

]
Chapter 13.
[47] [48] [49] [50]
Chapter 14.

Package textcomp Warning: Symbol \textasciigrave not provided by
(textcomp)                font family ptm in TS1 encoding.
(textcomp)                Default family used instead on input line 1892.


Package textcomp Warning: Symbol \textasciigrave not provided by
(textcomp)                font family ptm in TS1 encoding.
(textcomp)                Default family used instead on input line 1892.

<mongos_espose.png, id=495, 481.8pt x 385.44pt>
File: mongos_espose.png Graphic file (type png)
<use mongos_espose.png>
Package pdftex.def Info: mongos_espose.png  used on input line 1896.
(pdftex.def)             Requested size: 444.76846pt x 355.80301pt.

Package textcomp Warning: Symbol \textasciigrave not provided by
(textcomp)                font family ptm in TS1 encoding.
(textcomp)                Default family used instead on input line 1899.


Package textcomp Warning: Symbol \textasciigrave not provided by
(textcomp)                font family ptm in TS1 encoding.
(textcomp)                Default family used instead on input line 1899.

<mongod_espose.png, id=496, 481.8pt x 295.1025pt>
File: mongod_espose.png Graphic file (type png)
<use mongod_espose.png>
Package pdftex.def Info: mongod_espose.png  used on input line 1902.
(pdftex.def)             Requested size: 444.76846pt x 272.41617pt.
[51

 <./mongos_espose.png>] [52 <./mongod_espose.png>] [53] [54

]
Chapter 15.
[55] [56

]
Chapter 16.
[57] [58

]
Chapter 17.
LaTeX Font Info:    Font shape `T1/phv/b/it' in size <14.4> not available
(Font)              Font shape `T1/phv/b/sl' tried instead on input line 2098.
LaTeX Font Info:    Font shape `T1/phv/b/it' in size <12> not available
(Font)              Font shape `T1/phv/b/sl' tried instead on input line 2101.
[59] [60]
Underfull \vbox (badness 10000) detected at line 2253
 []


Overfull \vbox (2.68169pt too high) detected at line 2253
 []

[61]
Underfull \hbox (badness 10000) in paragraph at lines 2260--2261
[]\T1/ptm/m/n/10 To dis-able TLS pro-to-col (e.g. for demon-stra-tion pur-poses
) edit the \T1/pcr/m/n/10 cr.yaml/spec/
 []

[62]
Chapter 18.
[63

] [64

] [65] [66]
Chapter 19.
<backup-s3.png, id=607, 702.625pt x 464.73625pt>
File: backup-s3.png Graphic file (type png)
<use backup-s3.png>
Package pdftex.def Info: backup-s3.png  used on input line 2321.
(pdftex.def)             Requested size: 469.76996pt x 310.71927pt.
[67

 <./backup-s3.png>]
Underfull \hbox (badness 5133) in paragraph at lines 2351--2356
\T1/ptm/m/n/10 Since back-ups are stored sep-a-rately on the Ama-zon S3, a se-c
ret with \T1/pcr/m/n/10 AWS_ACCESS_KEY_ID \T1/ptm/m/n/10 and
 []

[68] [69] [70]
Chapter 20.
[71

] [72

]
Chapter 21.
[73] [74]
Chapter 22.

Overfull \vbox (0.94089pt too high) detected at line 2766
 []

[75

] [76]
Underfull \hbox (badness 10000) in paragraph at lines 2922--2924
[]\T1/ptm/m/n/10 You can use the URL of the of-fi-cial Per-cona's Ver-sion Ser-
vice (de-fault). Set
 []

[77] [78]
Chapter 23.

Package textcomp Warning: Symbol \textasciigrave not provided by
(textcomp)                font family ptm in TS1 encoding.
(textcomp)                Default family used instead on input line 2984.


Package textcomp Warning: Symbol \textasciigrave not provided by
(textcomp)                font family ptm in TS1 encoding.
(textcomp)                Default family used instead on input line 2984.


Package textcomp Warning: Symbol \textasciigrave not provided by
(textcomp)                font family ptm in TS1 encoding.
(textcomp)                Default family used instead on input line 2984.


Package textcomp Warning: Symbol \textasciigrave not provided by
(textcomp)                font family ptm in TS1 encoding.
(textcomp)                Default family used instead on input line 2984.


Package textcomp Warning: Symbol \textasciigrave not provided by
(textcomp)                font family ptm in TS1 encoding.
(textcomp)                Default family used instead on input line 2984.


Package textcomp Warning: Symbol \textasciigrave not provided by
(textcomp)                font family ptm in TS1 encoding.
(textcomp)                Default family used instead on input line 2984.


Package textcomp Warning: Symbol \textasciigrave not provided by
(textcomp)                font family ptm in TS1 encoding.
(textcomp)                Default family used instead on input line 2984.


Package textcomp Warning: Symbol \textasciigrave not provided by
(textcomp)                font family ptm in TS1 encoding.
(textcomp)                Default family used instead on input line 2984.

[79

] [80

]
Chapter 24.

Package textcomp Warning: Symbol \textasciigrave not provided by
(textcomp)                font family ptm in TS1 encoding.
(textcomp)                Default family used instead on input line 3031.


Package textcomp Warning: Symbol \textasciigrave not provided by
(textcomp)                font family ptm in TS1 encoding.
(textcomp)                Default family used instead on input line 3031.


Package textcomp Warning: Symbol \textasciigrave not provided by
(textcomp)                font family ptm in TS1 encoding.
(textcomp)                Default family used instead on input line 3031.


Package textcomp Warning: Symbol \textasciigrave not provided by
(textcomp)                font family ptm in TS1 encoding.
(textcomp)                Default family used instead on input line 3031.


Package textcomp Warning: Symbol \textasciigrave not provided by
(textcomp)                font family ptm in TS1 encoding.
(textcomp)                Default family used instead on input line 3049.

[81]

Package textcomp Warning: Symbol \textasciigrave not provided by
(textcomp)                font family ptm in TS1 encoding.
(textcomp)                Default family used instead on input line 3059.


Package textcomp Warning: Symbol \textasciigrave not provided by
(textcomp)                font family ptm in TS1 encoding.
(textcomp)                Default family used instead on input line 3059.


Package textcomp Warning: Symbol \textasciigrave not provided by
(textcomp)                font family ptm in TS1 encoding.
(textcomp)                Default family used instead on input line 3059.


Package textcomp Warning: Symbol \textasciigrave not provided by
(textcomp)                font family ptm in TS1 encoding.
(textcomp)                Default family used instead on input line 3064.


Package textcomp Warning: Symbol \textasciigrave not provided by
(textcomp)                font family ptm in TS1 encoding.
(textcomp)                Default family used instead on input line 3064.


Underfull \hbox (badness 10000) in paragraph at lines 3062--3068
\T1/ptm/m/n/10 Ser-vice Mon-i-tor-ing pa-ram-e-ters men-tioned in the of-fi-cia
ll \T1/pcr/m/n/10 pmm-admin add mongodb
 []


Underfull \hbox (badness 10000) in paragraph at lines 3062--3068
[]\TS1/cmr/b/n/10 `\T1/ptm/b/n/10 documentation<https://www.percona.com/doc/per
cona-monitoring-and-management/2.x/setting-
 []

[82]
Chapter 25.
[83

] [84

] [85] [86]
Chapter 26.

Overfull \hbox (8.78406pt too wide) in paragraph at lines 3183--3184
[]|\T1/ptm/m/n/10 kubernetes| 
 []


Overfull \hbox (13.4645pt too wide) in paragraph at lines 3211--3212
[]|\T1/pcr/m/n/10 percona/
 []


Overfull \hbox (115.4645pt too wide) in paragraph at lines 3211--3212
\T1/pcr/m/n/10 percona-server-mongodb:4.
 []


Overfull \hbox (7.96588pt too wide) in paragraph at lines 3216--3217
[]|\T1/ptm/m/n/10 imagePullPolicy| 
 []


Overfull \hbox (1.4645pt too wide) in paragraph at lines 3220--3221
[]|\T1/pcr/m/n/10 Always| 
 []


Overfull \hbox (35.5954pt too wide) in paragraph at lines 3225--3226
[]|\T1/ptm/m/n/10 imagePullSecrets.name| 
 []


Overfull \hbox (133.4645pt too wide) in paragraph at lines 3229--3230
[]|\T1/pcr/m/n/10 private-registry-credentials| 
 []


Overfull \hbox (45.07555pt too wide) in paragraph at lines 3234--3235
[]|\T1/ptm/m/n/10 ClusterServiceDNSSuffix| 
 []


Underfull \hbox (badness 10000) in paragraph at lines 3238--3239
[]|\T1/pcr/m/n/10 svc.
 []


Overfull \hbox (13.4645pt too wide) in paragraph at lines 3238--3239
\T1/pcr/m/n/10 cluster.
 []


Overfull \hbox (51.73557pt too wide) in paragraph at lines 3253--3254
[]|\T1/ptm/m/n/10 allowUnsafeConfigurations| 
 []


Overfull \hbox (1.83617pt too wide) in paragraph at lines 3262--3263
[]|\T1/ptm/m/n/10 updateStrategy| 
 []


Overfull \hbox (31.4645pt too wide) in paragraph at lines 3266--3267
[]|\T1/pcr/m/n/10 SmartUpdate| 
 []


Overfull \hbox (5.87622pt too wide) in paragraph at lines 3271--3272
[]|\T1/ptm/m/n/10 upgradeOptions| 
 []

[87

] [88] [89] [90] [91] [92] [93] [94] [95]
Underfull \hbox (badness 10000) in paragraph at lines 5565--5567
[]|\T1/pcr/m/n/10 service.beta.kubernetes.io/aws-load-balancer-backend-protocol
:
 []

[96] [97] [98] [99] [100] [101] [102]
Chapter 27.

Underfull \hbox (badness 10000) in paragraph at lines 6831--6832
[]|\T1/ptm/m/n/10 percona/percona-
 []


Underfull \hbox (badness 10000) in paragraph at lines 6831--6832
\T1/ptm/m/n/10 server-mongodb-
 []


Underfull \hbox (badness 10000) in paragraph at lines 6836--6837
[]|\T1/ptm/m/n/10 percona/pmm-
 []


Underfull \hbox (badness 10000) in paragraph at lines 6841--6842
[]|\T1/ptm/m/n/10 percona/percona-
 []


Underfull \hbox (badness 10000) in paragraph at lines 6841--6842
\T1/ptm/m/n/10 server-mongodb-
 []


Underfull \hbox (badness 10000) in paragraph at lines 6841--6842
\T1/ptm/m/n/10 operator:1.6.0-
 []


Overfull \hbox (0.8887pt too wide) in paragraph at lines 6843--6845
[]|\T1/ptm/m/n/10 73a09d851bd84057b5cdf41eb35eb3b249a1b4d839487300f2132f0e79a50
944| 
 []


Underfull \hbox (badness 10000) in paragraph at lines 6846--6847
[]|\T1/ptm/m/n/10 percona/percona-
 []


Underfull \hbox (badness 10000) in paragraph at lines 6846--6847
\T1/ptm/m/n/10 server-
 []


Underfull \hbox (badness 10000) in paragraph at lines 6851--6852
[]|\T1/ptm/m/n/10 percona/percona-
 []


Underfull \hbox (badness 10000) in paragraph at lines 6851--6852
\T1/ptm/m/n/10 server-
 []


Underfull \hbox (badness 10000) in paragraph at lines 6856--6857
[]|\T1/ptm/m/n/10 percona/percona-
 []


Underfull \hbox (badness 10000) in paragraph at lines 6856--6857
\T1/ptm/m/n/10 server-
 []


Underfull \hbox (badness 10000) in paragraph at lines 6861--6862
[]|\T1/ptm/m/n/10 percona/percona-
 []


Underfull \hbox (badness 10000) in paragraph at lines 6861--6862
\T1/ptm/m/n/10 server-
 []


Underfull \hbox (badness 10000) in paragraph at lines 6866--6867
[]|\T1/ptm/m/n/10 percona/percona-
 []


Underfull \hbox (badness 10000) in paragraph at lines 6866--6867
\T1/ptm/m/n/10 server-
 []


Overfull \hbox (1.43863pt too wide) in paragraph at lines 6868--6870
[]|\T1/ptm/m/n/10 663f6eb98ae625792d59c6072b5d3a3095112380de67097a411f597d785c4
23a| 
 []


Underfull \hbox (badness 10000) in paragraph at lines 6871--6872
[]|\T1/ptm/m/n/10 percona/percona-
 []


Underfull \hbox (badness 10000) in paragraph at lines 6871--6872
\T1/ptm/m/n/10 server-
 []


Underfull \hbox (badness 10000) in paragraph at lines 6876--6877
[]|\T1/ptm/m/n/10 percona/percona-
 []


Underfull \hbox (badness 10000) in paragraph at lines 6876--6877
\T1/ptm/m/n/10 server-
 []


Underfull \hbox (badness 10000) in paragraph at lines 6881--6882
[]|\T1/ptm/m/n/10 percona/percona-
 []


Underfull \hbox (badness 10000) in paragraph at lines 6881--6882
\T1/ptm/m/n/10 server-
 []


Underfull \hbox (badness 10000) in paragraph at lines 6886--6887
[]|\T1/ptm/m/n/10 percona/percona-
 []


Underfull \hbox (badness 10000) in paragraph at lines 6886--6887
\T1/ptm/m/n/10 server-
 []


Underfull \hbox (badness 10000) in paragraph at lines 6886--6887
\T1/ptm/m/n/10 mongodb:3.6.21-
 []


Underfull \hbox (badness 10000) in paragraph at lines 6891--6892
[]|\T1/ptm/m/n/10 percona/percona-
 []


Underfull \hbox (badness 10000) in paragraph at lines 6891--6892
\T1/ptm/m/n/10 server-
 []


Underfull \hbox (badness 10000) in paragraph at lines 6896--6897
[]|\T1/ptm/m/n/10 percona/percona-
 []


Underfull \hbox (badness 10000) in paragraph at lines 6896--6897
\T1/ptm/m/n/10 server-
 []


Underfull \hbox (badness 10000) in paragraph at lines 6901--6902
[]|\T1/ptm/m/n/10 percona/percona-
 []


Underfull \hbox (badness 10000) in paragraph at lines 6901--6902
\T1/ptm/m/n/10 server-
 []

[103

] [104]
Chapter 28.
[105

] [106]
Underfull \vbox (badness 10000) detected at line 7141
 []


Overfull \vbox (2.68169pt too high) detected at line 7141
 []

[107] [108]
Overfull \vbox (230.72583pt too high) detected at line 7604
 []

[109]
Underfull \vbox (badness 10000) detected at line 7604
 []


Overfull \vbox (2.68169pt too high) detected at line 7604
 []

[110]
Underfull \vbox (badness 10000) detected at line 7604
 []


Overfull \vbox (2.68169pt too high) detected at line 7604
 []

[111]
Underfull \vbox (badness 10000) detected at line 7604
 []


Overfull \vbox (2.68169pt too high) detected at line 7604
 []

[112]
Underfull \vbox (badness 10000) detected at line 7604
 []


Overfull \vbox (2.68169pt too high) detected at line 7604
 []

[113]
Underfull \vbox (badness 10000) detected at line 7604
 []


Overfull \vbox (2.68169pt too high) detected at line 7604
 []

[114] [115] [116]
Underfull \vbox (badness 10000) detected at line 7977
 []


Overfull \vbox (68.68169pt too high) detected at line 7977
 []

[117]
Underfull \vbox (badness 10000) detected at line 7977
 []


Overfull \vbox (2.68169pt too high) detected at line 7977
 []

[118]
Underfull \vbox (badness 10000) detected at line 7977
 []


Overfull \vbox (2.68169pt too high) detected at line 7977
 []

[119]
Underfull \vbox (badness 10000) detected at line 7977
 []


Overfull \vbox (2.68169pt too high) detected at line 7977
 []

[120]
Underfull \vbox (badness 10000) detected at line 7977
 []


Overfull \vbox (2.68169pt too high) detected at line 7977
 []

[121] [122]
Underfull \vbox (badness 10000) detected at line 8491
 []


Overfull \vbox (102.51605pt too high) detected at line 8491
 []

[123]
Underfull \vbox (badness 10000) detected at line 8491
 []


Overfull \vbox (2.68169pt too high) detected at line 8491
 []

[124]
Underfull \vbox (badness 10000) detected at line 8491
 []


Overfull \vbox (2.68169pt too high) detected at line 8491
 []

[125]
Underfull \vbox (badness 10000) detected at line 8491
 []


Overfull \vbox (2.68169pt too high) detected at line 8491
 []

[126]
Underfull \vbox (badness 10000) detected at line 8491
 []


Overfull \vbox (2.68169pt too high) detected at line 8491
 []

[127]
Underfull \vbox (badness 10000) detected at line 8491
 []


Overfull \vbox (2.68169pt too high) detected at line 8491
 []

[128]
Underfull \vbox (badness 10000) detected at line 8491
 []


Overfull \vbox (2.68169pt too high) detected at line 8491
 []

[129]
Underfull \vbox (badness 10000) detected at line 8491
 []


Overfull \vbox (2.68169pt too high) detected at line 8491
 []

[130]
Underfull \vbox (badness 10000) detected at line 8491
 []


Overfull \vbox (2.68169pt too high) detected at line 8491
 []

[131] [132]
Underfull \vbox (badness 2495) detected at line 9009
 []

[133]
Underfull \vbox (badness 10000) detected at line 9009
 []


Overfull \vbox (2.68169pt too high) detected at line 9009
 []

[134]
Underfull \vbox (badness 10000) detected at line 9009
 []


Overfull \vbox (2.68169pt too high) detected at line 9009
 []

[135]
Underfull \vbox (badness 10000) detected at line 9009
 []


Overfull \vbox (2.68169pt too high) detected at line 9009
 []

[136]
Underfull \vbox (badness 10000) detected at line 9009
 []


Overfull \vbox (2.68169pt too high) detected at line 9009
 []

[137]
Underfull \vbox (badness 10000) detected at line 9009
 []


Overfull \vbox (2.68169pt too high) detected at line 9009
 []

[138]
Underfull \vbox (badness 10000) detected at line 9009
 []


Overfull \vbox (2.68169pt too high) detected at line 9009
 []

[139]
Underfull \vbox (badness 10000) detected at line 9009
 []


Overfull \vbox (2.68169pt too high) detected at line 9009
 []

[140] [141]
Overfull \vbox (0.68166pt too high) detected at line 9530
 []

[142]
Underfull \vbox (badness 10000) detected at line 9530
 []


Overfull \vbox (2.68169pt too high) detected at line 9530
 []

[143]
Underfull \vbox (badness 10000) detected at line 9530
 []


Overfull \vbox (2.68169pt too high) detected at line 9530
 []

[144]
Underfull \vbox (badness 10000) detected at line 9530
 []


Overfull \vbox (2.68169pt too high) detected at line 9530
 []

[145]
Underfull \vbox (badness 10000) detected at line 9530
 []


Overfull \vbox (2.68169pt too high) detected at line 9530
 []

[146]
Underfull \vbox (badness 10000) detected at line 9530
 []


Overfull \vbox (2.68169pt too high) detected at line 9530
 []

[147]
Underfull \vbox (badness 10000) detected at line 9530
 []


Overfull \vbox (2.68169pt too high) detected at line 9530
 []

[148]
Underfull \vbox (badness 10000) detected at line 9530
 []


Overfull \vbox (2.68169pt too high) detected at line 9530
 []

[149] [150] [151] [152] [153] [154]
Chapter 29.
[155

] [156]
Chapter 30.
[157

] [158] [159] [160] [161] [162]
(./PerconaKubernetesOperatorPerconaServerMongoDB.ind) [163]
(./PerconaKubernetesOperatorPerconaServerMongoDB.aux)
Package rerunfilecheck Info: File `PerconaKubernetesOperatorPerconaServerMongoD
B.out' has not changed.
(rerunfilecheck)             Checksum: FDB5AB46F5C01174CDF3723235F14C2A;803.
 ) 
Here is how much of TeX's memory you used:
 14649 strings out of 479383
 213132 string characters out of 5875829
 1341597 words of memory out of 5000000
 30807 multiletter control sequences out of 15000+600000
 472835 words of font info for 105 fonts, out of 8000000 for 9000
 1142 hyphenation exceptions out of 8191
 80i,12n,85p,6445b,653s stack positions out of 5000i,500n,10000p,200000b,80000s
{/usr/share/texmf-dist/fonts/enc/dvips/cm-super/cm-super-ts1.enc}{/usr/share/
texmf-dist/fonts/enc/dvips/base/8r.enc}</usr/share/texmf-dist/fonts/type1/publi
c/amsfonts/cm/cmmi5.pfb></usr/share/texmf-dist/fonts/type1/public/amsfonts/cm/c
msy10.pfb></usr/share/texmf-dist/fonts/type1/public/amsfonts/cm/cmsy5.pfb></usr
/share/texmf-dist/fonts/type1/public/cm-super/sfrb1000.pfb></usr/share/texmf-di
st/fonts/type1/public/cm-super/sfrm1000.pfb></usr/share/texmf-dist/fonts/type1/
public/cm-super/sfti1000.pfb></usr/share/texmf-dist/fonts/type1/urw/courier/ucr
b8a.pfb></usr/share/texmf-dist/fonts/type1/urw/courier/ucrr8a.pfb></usr/share/t
exmf-dist/fonts/type1/urw/courier/ucrro8a.pfb></usr/share/texmf-dist/fonts/type
1/urw/helvetic/uhvb8a.pfb></usr/share/texmf-dist/fonts/type1/urw/helvetic/uhvbo
8a.pfb></usr/share/texmf-dist/fonts/type1/urw/helvetic/uhvr8a.pfb></usr/share/t
exmf-dist/fonts/type1/urw/times/utmb8a.pfb></usr/share/texmf-dist/fonts/type1/u
rw/times/utmr8a.pfb></usr/share/texmf-dist/fonts/type1/urw/times/utmri8a.pfb>
Output written on PerconaKubernetesOperatorPerconaServerMongoDB.pdf (167 pages,
 1200075 bytes).
PDF statistics:
 1890 PDF objects out of 2073 (max. 8388607)
 1643 compressed objects within 17 object streams
 585 named destinations out of 1000 (max. 500000)
 139 words of extra memory for PDF output out of 10000 (max. 10000000)

